0 info it worked if it ends with ok
1 verbose cli [ '/usr/local/bin/node', '/usr/local/bin/npm', 'install' ]
2 info using npm@2.15.5
3 info using node@v4.4.5
4 verbose readDependencies loading dependencies from /Users/tberg/Desktop/Configurator/Configurator/package.json
5 warn package.json configurator@1.0.0 No description
6 warn package.json configurator@1.0.0 No repository field.
7 warn package.json configurator@1.0.0 No README data
8 verbose install where, deps [ '/Users/tberg/Desktop/Configurator/Configurator',
8 verbose install   [ 'babel-core',
8 verbose install     'babel-eslint',
8 verbose install     'babel-loader',
8 verbose install     'babel-plugin-react-transform',
8 verbose install     'babel-plugin-transform-object-rest-spread',
8 verbose install     'babel-plugin-transform-react-display-name',
8 verbose install     'babel-polyfill',
8 verbose install     'babel-preset-es2015',
8 verbose install     'babel-preset-react',
8 verbose install     'bootstrap',
8 verbose install     'css-loader',
8 verbose install     'eslint',
8 verbose install     'eslint-plugin-babel',
8 verbose install     'eslint-plugin-react',
8 verbose install     'express',
8 verbose install     'jquery',
8 verbose install     'raven-js',
8 verbose install     'react',
8 verbose install     'react-addons-css-transition-group',
8 verbose install     'react-dom',
8 verbose install     'react-redux',
8 verbose install     'react-router',
8 verbose install     'react-router-redux',
8 verbose install     'react-transform-catch-errors',
8 verbose install     'react-transform-hmr',
8 verbose install     'redbox-react',
8 verbose install     'redux',
8 verbose install     'rimraf',
8 verbose install     'style-loader',
8 verbose install     'stylus',
8 verbose install     'stylus-loader',
8 verbose install     'webpack',
8 verbose install     'webpack-dev-middleware',
8 verbose install     'webpack-hot-middleware',
8 verbose install     'babel-preset-stage-2',
8 verbose install     'expect',
8 verbose install     'expect-jsx',
8 verbose install     'json-loader',
8 verbose install     'mocha',
8 verbose install     'react-addons-test-utils',
8 verbose install     'redux-devtools' ] ]
9 verbose install where, peers [ '/Users/tberg/Desktop/Configurator/Configurator', [] ]
10 verbose installManyTop reading for lifecycle /Users/tberg/Desktop/Configurator/Configurator/package.json
11 info preinstall configurator@1.0.0
12 verbose installManyTop reading scoped package data from /Users/tberg/Desktop/Configurator/Configurator/node_modules/axios/package.json
13 verbose installManyTop reading scoped package data from /Users/tberg/Desktop/Configurator/Configurator/node_modules/babel-core/package.json
14 verbose installManyTop reading scoped package data from /Users/tberg/Desktop/Configurator/Configurator/node_modules/babel-eslint/package.json
15 verbose installManyTop reading scoped package data from /Users/tberg/Desktop/Configurator/Configurator/node_modules/babel-loader/package.json
16 verbose installManyTop reading scoped package data from /Users/tberg/Desktop/Configurator/Configurator/node_modules/babel-plugin-react-transform/package.json
17 verbose installManyTop reading scoped package data from /Users/tberg/Desktop/Configurator/Configurator/node_modules/babel-plugin-transform-decorators-legacy/package.json
18 verbose installManyTop reading scoped package data from /Users/tberg/Desktop/Configurator/Configurator/node_modules/babel-plugin-transform-object-rest-spread/package.json
19 verbose installManyTop reading scoped package data from /Users/tberg/Desktop/Configurator/Configurator/node_modules/babel-plugin-transform-react-display-name/package.json
20 verbose installManyTop reading scoped package data from /Users/tberg/Desktop/Configurator/Configurator/node_modules/babel-polyfill/package.json
21 verbose installManyTop reading scoped package data from /Users/tberg/Desktop/Configurator/Configurator/node_modules/babel-preset-es2015/package.json
22 verbose installManyTop reading scoped package data from /Users/tberg/Desktop/Configurator/Configurator/node_modules/babel-preset-react/package.json
23 verbose installManyTop reading scoped package data from /Users/tberg/Desktop/Configurator/Configurator/node_modules/babel-preset-stage-2/package.json
24 verbose installManyTop reading scoped package data from /Users/tberg/Desktop/Configurator/Configurator/node_modules/bootstrap/package.json
25 verbose installManyTop reading scoped package data from /Users/tberg/Desktop/Configurator/Configurator/node_modules/classnames/package.json
26 verbose installManyTop reading scoped package data from /Users/tberg/Desktop/Configurator/Configurator/node_modules/css-loader/package.json
27 verbose installManyTop reading scoped package data from /Users/tberg/Desktop/Configurator/Configurator/node_modules/eslint/package.json
28 verbose installManyTop reading scoped package data from /Users/tberg/Desktop/Configurator/Configurator/node_modules/eslint-plugin-babel/package.json
29 verbose installManyTop reading scoped package data from /Users/tberg/Desktop/Configurator/Configurator/node_modules/eslint-plugin-react/package.json
30 verbose installManyTop reading scoped package data from /Users/tberg/Desktop/Configurator/Configurator/node_modules/expect/package.json
31 verbose installManyTop reading scoped package data from /Users/tberg/Desktop/Configurator/Configurator/node_modules/expect-jsx/package.json
32 verbose installManyTop reading scoped package data from /Users/tberg/Desktop/Configurator/Configurator/node_modules/express/package.json
33 verbose installManyTop reading scoped package data from /Users/tberg/Desktop/Configurator/Configurator/node_modules/jquery/package.json
34 verbose installManyTop reading scoped package data from /Users/tberg/Desktop/Configurator/Configurator/node_modules/json-loader/package.json
35 verbose installManyTop reading scoped package data from /Users/tberg/Desktop/Configurator/Configurator/node_modules/mocha/package.json
36 verbose installManyTop reading scoped package data from /Users/tberg/Desktop/Configurator/Configurator/node_modules/raven-js/package.json
37 verbose installManyTop reading scoped package data from /Users/tberg/Desktop/Configurator/Configurator/node_modules/react/package.json
38 verbose installManyTop reading scoped package data from /Users/tberg/Desktop/Configurator/Configurator/node_modules/react-addons-css-transition-group/package.json
39 verbose installManyTop reading scoped package data from /Users/tberg/Desktop/Configurator/Configurator/node_modules/react-addons-shallow-compare/package.json
40 verbose installManyTop reading scoped package data from /Users/tberg/Desktop/Configurator/Configurator/node_modules/react-addons-test-utils/package.json
41 verbose installManyTop reading scoped package data from /Users/tberg/Desktop/Configurator/Configurator/node_modules/react-collapsible/package.json
42 verbose installManyTop reading scoped package data from /Users/tberg/Desktop/Configurator/Configurator/node_modules/react-dnd/package.json
43 verbose installManyTop reading scoped package data from /Users/tberg/Desktop/Configurator/Configurator/node_modules/react-dnd-html5-backend/package.json
44 verbose installManyTop reading scoped package data from /Users/tberg/Desktop/Configurator/Configurator/node_modules/react-dom/package.json
45 verbose installManyTop reading scoped package data from /Users/tberg/Desktop/Configurator/Configurator/node_modules/react-redux/package.json
46 verbose installManyTop reading scoped package data from /Users/tberg/Desktop/Configurator/Configurator/node_modules/react-responsive-accordion/package.json
47 verbose installManyTop reading scoped package data from /Users/tberg/Desktop/Configurator/Configurator/node_modules/react-router/package.json
48 verbose installManyTop reading scoped package data from /Users/tberg/Desktop/Configurator/Configurator/node_modules/react-router-redux/package.json
49 verbose installManyTop reading scoped package data from /Users/tberg/Desktop/Configurator/Configurator/node_modules/react-tabs/package.json
50 verbose installManyTop reading scoped package data from /Users/tberg/Desktop/Configurator/Configurator/node_modules/react-textbox-editor/package.json
51 verbose installManyTop reading scoped package data from /Users/tberg/Desktop/Configurator/Configurator/node_modules/react-transform-catch-errors/package.json
52 verbose installManyTop reading scoped package data from /Users/tberg/Desktop/Configurator/Configurator/node_modules/react-transform-hmr/package.json
53 verbose installManyTop reading scoped package data from /Users/tberg/Desktop/Configurator/Configurator/node_modules/redbox-react/package.json
54 verbose installManyTop reading scoped package data from /Users/tberg/Desktop/Configurator/Configurator/node_modules/redux/package.json
55 verbose installManyTop reading scoped package data from /Users/tberg/Desktop/Configurator/Configurator/node_modules/redux-devtools/package.json
56 verbose installManyTop reading scoped package data from /Users/tberg/Desktop/Configurator/Configurator/node_modules/redux-logger/package.json
57 verbose installManyTop reading scoped package data from /Users/tberg/Desktop/Configurator/Configurator/node_modules/redux-promise-middleware/package.json
58 verbose installManyTop reading scoped package data from /Users/tberg/Desktop/Configurator/Configurator/node_modules/redux-thunk/package.json
59 verbose installManyTop reading scoped package data from /Users/tberg/Desktop/Configurator/Configurator/node_modules/rimraf/package.json
60 verbose installManyTop reading scoped package data from /Users/tberg/Desktop/Configurator/Configurator/node_modules/style-loader/package.json
61 verbose installManyTop reading scoped package data from /Users/tberg/Desktop/Configurator/Configurator/node_modules/stylus/package.json
62 verbose installManyTop reading scoped package data from /Users/tberg/Desktop/Configurator/Configurator/node_modules/stylus-loader/package.json
63 verbose installManyTop reading scoped package data from /Users/tberg/Desktop/Configurator/Configurator/node_modules/webpack/package.json
64 verbose installManyTop reading scoped package data from /Users/tberg/Desktop/Configurator/Configurator/node_modules/webpack-dev-middleware/package.json
65 verbose installManyTop reading scoped package data from /Users/tberg/Desktop/Configurator/Configurator/node_modules/webpack-hot-middleware/package.json
66 info package.json react-textbox-editor@1.0.4 No repository field.
67 verbose readDependencies loading dependencies from /Users/tberg/Desktop/Configurator/Configurator/package.json
68 verbose targetResolver reading package data from /Users/tberg/Desktop/Configurator/Configurator/node_modules/axios/package.json
69 verbose targetResolver reading package data from /Users/tberg/Desktop/Configurator/Configurator/node_modules/babel-core/package.json
70 verbose targetResolver reading package data from /Users/tberg/Desktop/Configurator/Configurator/node_modules/babel-eslint/package.json
71 verbose targetResolver reading package data from /Users/tberg/Desktop/Configurator/Configurator/node_modules/babel-loader/package.json
72 verbose targetResolver reading package data from /Users/tberg/Desktop/Configurator/Configurator/node_modules/babel-plugin-react-transform/package.json
73 verbose targetResolver reading package data from /Users/tberg/Desktop/Configurator/Configurator/node_modules/babel-plugin-transform-decorators-legacy/package.json
74 verbose targetResolver reading package data from /Users/tberg/Desktop/Configurator/Configurator/node_modules/babel-plugin-transform-object-rest-spread/package.json
75 verbose targetResolver reading package data from /Users/tberg/Desktop/Configurator/Configurator/node_modules/babel-plugin-transform-react-display-name/package.json
76 verbose targetResolver reading package data from /Users/tberg/Desktop/Configurator/Configurator/node_modules/babel-polyfill/package.json
77 verbose targetResolver reading package data from /Users/tberg/Desktop/Configurator/Configurator/node_modules/babel-preset-es2015/package.json
78 verbose targetResolver reading package data from /Users/tberg/Desktop/Configurator/Configurator/node_modules/babel-preset-react/package.json
79 verbose targetResolver reading package data from /Users/tberg/Desktop/Configurator/Configurator/node_modules/babel-preset-stage-2/package.json
80 verbose targetResolver reading package data from /Users/tberg/Desktop/Configurator/Configurator/node_modules/bootstrap/package.json
81 verbose targetResolver reading package data from /Users/tberg/Desktop/Configurator/Configurator/node_modules/classnames/package.json
82 verbose targetResolver reading package data from /Users/tberg/Desktop/Configurator/Configurator/node_modules/css-loader/package.json
83 verbose targetResolver reading package data from /Users/tberg/Desktop/Configurator/Configurator/node_modules/eslint/package.json
84 verbose targetResolver reading package data from /Users/tberg/Desktop/Configurator/Configurator/node_modules/eslint-plugin-babel/package.json
85 verbose targetResolver reading package data from /Users/tberg/Desktop/Configurator/Configurator/node_modules/eslint-plugin-react/package.json
86 verbose targetResolver reading package data from /Users/tberg/Desktop/Configurator/Configurator/node_modules/expect/package.json
87 verbose targetResolver reading package data from /Users/tberg/Desktop/Configurator/Configurator/node_modules/expect-jsx/package.json
88 verbose targetResolver reading package data from /Users/tberg/Desktop/Configurator/Configurator/node_modules/express/package.json
89 verbose targetResolver reading package data from /Users/tberg/Desktop/Configurator/Configurator/node_modules/jquery/package.json
90 verbose targetResolver reading package data from /Users/tberg/Desktop/Configurator/Configurator/node_modules/json-loader/package.json
91 verbose targetResolver reading package data from /Users/tberg/Desktop/Configurator/Configurator/node_modules/mocha/package.json
92 verbose targetResolver reading package data from /Users/tberg/Desktop/Configurator/Configurator/node_modules/raven-js/package.json
93 verbose targetResolver reading package data from /Users/tberg/Desktop/Configurator/Configurator/node_modules/react/package.json
94 verbose targetResolver reading package data from /Users/tberg/Desktop/Configurator/Configurator/node_modules/react-addons-css-transition-group/package.json
95 verbose targetResolver reading package data from /Users/tberg/Desktop/Configurator/Configurator/node_modules/react-addons-shallow-compare/package.json
96 verbose targetResolver reading package data from /Users/tberg/Desktop/Configurator/Configurator/node_modules/react-addons-test-utils/package.json
97 verbose targetResolver reading package data from /Users/tberg/Desktop/Configurator/Configurator/node_modules/react-collapsible/package.json
98 verbose targetResolver reading package data from /Users/tberg/Desktop/Configurator/Configurator/node_modules/react-dnd/package.json
99 verbose targetResolver reading package data from /Users/tberg/Desktop/Configurator/Configurator/node_modules/react-dnd-html5-backend/package.json
100 verbose targetResolver reading package data from /Users/tberg/Desktop/Configurator/Configurator/node_modules/react-dom/package.json
101 verbose targetResolver reading package data from /Users/tberg/Desktop/Configurator/Configurator/node_modules/react-redux/package.json
102 verbose targetResolver reading package data from /Users/tberg/Desktop/Configurator/Configurator/node_modules/react-responsive-accordion/package.json
103 verbose targetResolver reading package data from /Users/tberg/Desktop/Configurator/Configurator/node_modules/react-router/package.json
104 verbose targetResolver reading package data from /Users/tberg/Desktop/Configurator/Configurator/node_modules/react-router-redux/package.json
105 verbose targetResolver reading package data from /Users/tberg/Desktop/Configurator/Configurator/node_modules/react-tabs/package.json
106 verbose targetResolver reading package data from /Users/tberg/Desktop/Configurator/Configurator/node_modules/react-textbox-editor/package.json
107 verbose targetResolver reading package data from /Users/tberg/Desktop/Configurator/Configurator/node_modules/react-transform-catch-errors/package.json
108 verbose targetResolver reading package data from /Users/tberg/Desktop/Configurator/Configurator/node_modules/react-transform-hmr/package.json
109 verbose targetResolver reading package data from /Users/tberg/Desktop/Configurator/Configurator/node_modules/redbox-react/package.json
110 verbose targetResolver reading package data from /Users/tberg/Desktop/Configurator/Configurator/node_modules/redux/package.json
111 verbose targetResolver reading package data from /Users/tberg/Desktop/Configurator/Configurator/node_modules/redux-devtools/package.json
112 verbose targetResolver reading package data from /Users/tberg/Desktop/Configurator/Configurator/node_modules/redux-logger/package.json
113 verbose targetResolver reading package data from /Users/tberg/Desktop/Configurator/Configurator/node_modules/redux-promise-middleware/package.json
114 verbose targetResolver reading package data from /Users/tberg/Desktop/Configurator/Configurator/node_modules/redux-thunk/package.json
115 verbose targetResolver reading package data from /Users/tberg/Desktop/Configurator/Configurator/node_modules/rimraf/package.json
116 verbose targetResolver reading package data from /Users/tberg/Desktop/Configurator/Configurator/node_modules/style-loader/package.json
117 verbose targetResolver reading package data from /Users/tberg/Desktop/Configurator/Configurator/node_modules/stylus/package.json
118 verbose targetResolver reading package data from /Users/tberg/Desktop/Configurator/Configurator/node_modules/stylus-loader/package.json
119 verbose targetResolver reading package data from /Users/tberg/Desktop/Configurator/Configurator/node_modules/webpack/package.json
120 verbose targetResolver reading package data from /Users/tberg/Desktop/Configurator/Configurator/node_modules/webpack-dev-middleware/package.json
121 verbose targetResolver reading package data from /Users/tberg/Desktop/Configurator/Configurator/node_modules/webpack-hot-middleware/package.json
122 verbose targetResolver reading package data from /Users/tberg/Desktop/Configurator/Configurator/node_modules/.bin/eslint/package.json
123 verbose targetResolver reading package data from /Users/tberg/Desktop/Configurator/Configurator/node_modules/.bin/mocha/package.json
124 verbose targetResolver reading package data from /Users/tberg/Desktop/Configurator/Configurator/node_modules/.bin/rimraf/package.json
125 verbose targetResolver reading package data from /Users/tberg/Desktop/Configurator/Configurator/node_modules/.bin/stylus/package.json
126 verbose targetResolver reading package data from /Users/tberg/Desktop/Configurator/Configurator/node_modules/.bin/webpack/package.json
127 verbose already installed skipping jquery@^3.1.1 /Users/tberg/Desktop/Configurator/Configurator
128 verbose already installed skipping raven-js@^2.3.0 /Users/tberg/Desktop/Configurator/Configurator
129 verbose already installed skipping react@^15.0.2 /Users/tberg/Desktop/Configurator/Configurator
130 verbose already installed skipping react-addons-css-transition-group@^15.0.2 /Users/tberg/Desktop/Configurator/Configurator
131 verbose already installed skipping react-dom@^15.0.2 /Users/tberg/Desktop/Configurator/Configurator
132 verbose already installed skipping react-redux@^4.4.5 /Users/tberg/Desktop/Configurator/Configurator
133 verbose already installed skipping react-router@^2.4.0 /Users/tberg/Desktop/Configurator/Configurator
134 verbose already installed skipping react-router-redux@^4.0.4 /Users/tberg/Desktop/Configurator/Configurator
135 verbose already installed skipping react-transform-catch-errors@^1.0.2 /Users/tberg/Desktop/Configurator/Configurator
136 verbose already installed skipping react-transform-hmr@^1.0.4 /Users/tberg/Desktop/Configurator/Configurator
137 verbose already installed skipping redbox-react@^1.2.3 /Users/tberg/Desktop/Configurator/Configurator
138 verbose already installed skipping redux@^3.5.2 /Users/tberg/Desktop/Configurator/Configurator
139 verbose already installed skipping rimraf@^2.5.2 /Users/tberg/Desktop/Configurator/Configurator
140 verbose already installed skipping style-loader@^0.13.1 /Users/tberg/Desktop/Configurator/Configurator
141 verbose already installed skipping stylus@^0.54.5 /Users/tberg/Desktop/Configurator/Configurator
142 verbose already installed skipping stylus-loader@^2.0.0 /Users/tberg/Desktop/Configurator/Configurator
143 verbose already installed skipping webpack@^1.13.0 /Users/tberg/Desktop/Configurator/Configurator
144 verbose already installed skipping webpack-dev-middleware@^1.6.1 /Users/tberg/Desktop/Configurator/Configurator
145 verbose already installed skipping webpack-hot-middleware@^2.10.0 /Users/tberg/Desktop/Configurator/Configurator
146 verbose already installed skipping babel-preset-stage-2@^6.22.0 /Users/tberg/Desktop/Configurator/Configurator
147 verbose already installed skipping expect@^1.18.0 /Users/tberg/Desktop/Configurator/Configurator
148 verbose already installed skipping expect-jsx@^2.5.1 /Users/tberg/Desktop/Configurator/Configurator
149 verbose already installed skipping json-loader@^0.5.4 /Users/tberg/Desktop/Configurator/Configurator
150 verbose already installed skipping mocha@^2.4.5 /Users/tberg/Desktop/Configurator/Configurator
151 verbose already installed skipping react-addons-test-utils@^15.0.2 /Users/tberg/Desktop/Configurator/Configurator
152 verbose already installed skipping redux-devtools@^3.3.2 /Users/tberg/Desktop/Configurator/Configurator
153 verbose already installed skipping babel-core@^6.7.7 /Users/tberg/Desktop/Configurator/Configurator
154 verbose already installed skipping babel-eslint@^6.0.4 /Users/tberg/Desktop/Configurator/Configurator
155 verbose already installed skipping babel-loader@^6.2.4 /Users/tberg/Desktop/Configurator/Configurator
156 verbose already installed skipping babel-plugin-react-transform@^2.0.2 /Users/tberg/Desktop/Configurator/Configurator
157 verbose already installed skipping babel-plugin-transform-object-rest-spread@^6.6.5 /Users/tberg/Desktop/Configurator/Configurator
158 verbose already installed skipping babel-plugin-transform-react-display-name@^6.5.0 /Users/tberg/Desktop/Configurator/Configurator
159 verbose already installed skipping babel-polyfill@^6.7.4 /Users/tberg/Desktop/Configurator/Configurator
160 verbose already installed skipping babel-preset-es2015@^6.6.0 /Users/tberg/Desktop/Configurator/Configurator
161 verbose already installed skipping babel-preset-react@^6.5.0 /Users/tberg/Desktop/Configurator/Configurator
162 verbose already installed skipping bootstrap@^3.3.7 /Users/tberg/Desktop/Configurator/Configurator
163 verbose already installed skipping css-loader@^0.23.1 /Users/tberg/Desktop/Configurator/Configurator
164 verbose already installed skipping eslint@^2.9.0 /Users/tberg/Desktop/Configurator/Configurator
165 verbose already installed skipping eslint-plugin-babel@^3.2.0 /Users/tberg/Desktop/Configurator/Configurator
166 verbose already installed skipping eslint-plugin-react@^5.0.1 /Users/tberg/Desktop/Configurator/Configurator
167 verbose already installed skipping express@^4.13.4 /Users/tberg/Desktop/Configurator/Configurator
168 silly install resolved []
169 info build /Users/tberg/Desktop/Configurator/Configurator
170 info linkStuff configurator@1.0.0
171 silly linkStuff configurator@1.0.0 has /Users/tberg/Desktop/Configurator as its parent node_modules
172 verbose linkBins configurator@1.0.0
173 verbose linkMans configurator@1.0.0
174 verbose rebuildBundles configurator@1.0.0
175 verbose rebuildBundles [ '.bin',
175 verbose rebuildBundles   'axios',
175 verbose rebuildBundles   'babel-core',
175 verbose rebuildBundles   'babel-eslint',
175 verbose rebuildBundles   'babel-loader',
175 verbose rebuildBundles   'babel-plugin-react-transform',
175 verbose rebuildBundles   'babel-plugin-transform-decorators-legacy',
175 verbose rebuildBundles   'babel-plugin-transform-object-rest-spread',
175 verbose rebuildBundles   'babel-plugin-transform-react-display-name',
175 verbose rebuildBundles   'babel-polyfill',
175 verbose rebuildBundles   'babel-preset-es2015',
175 verbose rebuildBundles   'babel-preset-react',
175 verbose rebuildBundles   'babel-preset-stage-2',
175 verbose rebuildBundles   'bootstrap',
175 verbose rebuildBundles   'classnames',
175 verbose rebuildBundles   'css-loader',
175 verbose rebuildBundles   'eslint',
175 verbose rebuildBundles   'eslint-plugin-babel',
175 verbose rebuildBundles   'eslint-plugin-react',
175 verbose rebuildBundles   'expect',
175 verbose rebuildBundles   'expect-jsx',
175 verbose rebuildBundles   'express',
175 verbose rebuildBundles   'jquery',
175 verbose rebuildBundles   'json-loader',
175 verbose rebuildBundles   'mocha',
175 verbose rebuildBundles   'raven-js',
175 verbose rebuildBundles   'react',
175 verbose rebuildBundles   'react-addons-css-transition-group',
175 verbose rebuildBundles   'react-addons-shallow-compare',
175 verbose rebuildBundles   'react-addons-test-utils',
175 verbose rebuildBundles   'react-collapsible',
175 verbose rebuildBundles   'react-dnd',
175 verbose rebuildBundles   'react-dnd-html5-backend',
175 verbose rebuildBundles   'react-dom',
175 verbose rebuildBundles   'react-redux',
175 verbose rebuildBundles   'react-responsive-accordion',
175 verbose rebuildBundles   'react-router',
175 verbose rebuildBundles   'react-router-redux',
175 verbose rebuildBundles   'react-tabs',
175 verbose rebuildBundles   'react-textbox-editor',
175 verbose rebuildBundles   'react-transform-catch-errors',
175 verbose rebuildBundles   'react-transform-hmr',
175 verbose rebuildBundles   'redbox-react',
175 verbose rebuildBundles   'redux',
175 verbose rebuildBundles   'redux-devtools',
175 verbose rebuildBundles   'redux-logger',
175 verbose rebuildBundles   'redux-promise-middleware',
175 verbose rebuildBundles   'redux-thunk',
175 verbose rebuildBundles   'rimraf',
175 verbose rebuildBundles   'style-loader',
175 verbose rebuildBundles   'stylus',
175 verbose rebuildBundles   'stylus-loader',
175 verbose rebuildBundles   'webpack',
175 verbose rebuildBundles   'webpack-dev-middleware',
175 verbose rebuildBundles   'webpack-hot-middleware' ]
176 verbose rebuild bundle /Users/tberg/Desktop/Configurator/Configurator/node_modules/axios
177 info build /Users/tberg/Desktop/Configurator/Configurator/node_modules/axios
178 info preinstall axios@0.15.3
179 info linkStuff axios@0.15.3
180 silly linkStuff axios@0.15.3 has /Users/tberg/Desktop/Configurator/Configurator/node_modules as its parent node_modules
181 verbose linkBins axios@0.15.3
182 verbose linkMans axios@0.15.3
183 verbose rebuildBundles axios@0.15.3
184 verbose rebuildBundles [ 'follow-redirects' ]
185 info install axios@0.15.3
186 info postinstall axios@0.15.3
187 verbose rebuild bundle /Users/tberg/Desktop/Configurator/Configurator/node_modules/babel-plugin-transform-decorators-legacy
188 info build /Users/tberg/Desktop/Configurator/Configurator/node_modules/babel-plugin-transform-decorators-legacy
189 info preinstall babel-plugin-transform-decorators-legacy@1.3.4
190 info linkStuff babel-plugin-transform-decorators-legacy@1.3.4
191 silly linkStuff babel-plugin-transform-decorators-legacy@1.3.4 has /Users/tberg/Desktop/Configurator/Configurator/node_modules as its parent node_modules
192 verbose linkBins babel-plugin-transform-decorators-legacy@1.3.4
193 verbose linkMans babel-plugin-transform-decorators-legacy@1.3.4
194 verbose rebuildBundles babel-plugin-transform-decorators-legacy@1.3.4
195 verbose rebuildBundles [ 'babel-plugin-syntax-decorators',
195 verbose rebuildBundles   'babel-runtime',
195 verbose rebuildBundles   'babel-template' ]
196 info install babel-plugin-transform-decorators-legacy@1.3.4
197 info postinstall babel-plugin-transform-decorators-legacy@1.3.4
198 verbose rebuild bundle /Users/tberg/Desktop/Configurator/Configurator/node_modules/classnames
199 info build /Users/tberg/Desktop/Configurator/Configurator/node_modules/classnames
200 info preinstall classnames@2.2.5
201 info linkStuff classnames@2.2.5
202 silly linkStuff classnames@2.2.5 has /Users/tberg/Desktop/Configurator/Configurator/node_modules as its parent node_modules
203 verbose linkBins classnames@2.2.5
204 verbose linkMans classnames@2.2.5
205 verbose rebuildBundles classnames@2.2.5
206 info install classnames@2.2.5
207 info postinstall classnames@2.2.5
208 verbose rebuild bundle /Users/tberg/Desktop/Configurator/Configurator/node_modules/react-addons-shallow-compare
209 info build /Users/tberg/Desktop/Configurator/Configurator/node_modules/react-addons-shallow-compare
210 info preinstall react-addons-shallow-compare@15.4.2
211 info linkStuff react-addons-shallow-compare@15.4.2
212 silly linkStuff react-addons-shallow-compare@15.4.2 has /Users/tberg/Desktop/Configurator/Configurator/node_modules as its parent node_modules
213 verbose linkBins react-addons-shallow-compare@15.4.2
214 verbose linkMans react-addons-shallow-compare@15.4.2
215 verbose rebuildBundles react-addons-shallow-compare@15.4.2
216 verbose rebuildBundles [ 'fbjs', 'object-assign' ]
217 info install react-addons-shallow-compare@15.4.2
218 info postinstall react-addons-shallow-compare@15.4.2
219 verbose rebuild bundle /Users/tberg/Desktop/Configurator/Configurator/node_modules/react-collapsible
220 info build /Users/tberg/Desktop/Configurator/Configurator/node_modules/react-collapsible
221 info preinstall react-collapsible@0.3.0
222 info linkStuff react-collapsible@0.3.0
223 silly linkStuff react-collapsible@0.3.0 has /Users/tberg/Desktop/Configurator/Configurator/node_modules as its parent node_modules
224 verbose linkBins react-collapsible@0.3.0
225 verbose linkMans react-collapsible@0.3.0
226 verbose rebuildBundles react-collapsible@0.3.0
227 info install react-collapsible@0.3.0
228 info postinstall react-collapsible@0.3.0
229 verbose rebuild bundle /Users/tberg/Desktop/Configurator/Configurator/node_modules/react-dnd
230 info build /Users/tberg/Desktop/Configurator/Configurator/node_modules/react-dnd
231 info preinstall react-dnd@2.2.0
232 info linkStuff react-dnd@2.2.0
233 silly linkStuff react-dnd@2.2.0 has /Users/tberg/Desktop/Configurator/Configurator/node_modules as its parent node_modules
234 verbose linkBins react-dnd@2.2.0
235 verbose linkMans react-dnd@2.2.0
236 verbose rebuildBundles react-dnd@2.2.0
237 verbose rebuildBundles [ 'babel-eslint',
237 verbose rebuildBundles   'disposables',
237 verbose rebuildBundles   'dnd-core',
237 verbose rebuildBundles   'hoist-non-react-statics',
237 verbose rebuildBundles   'invariant',
237 verbose rebuildBundles   'lodash' ]
238 info install react-dnd@2.2.0
239 info postinstall react-dnd@2.2.0
240 verbose rebuild bundle /Users/tberg/Desktop/Configurator/Configurator/node_modules/react-dnd-html5-backend
241 info build /Users/tberg/Desktop/Configurator/Configurator/node_modules/react-dnd-html5-backend
242 info preinstall react-dnd-html5-backend@2.2.0
243 info linkStuff react-dnd-html5-backend@2.2.0
244 silly linkStuff react-dnd-html5-backend@2.2.0 has /Users/tberg/Desktop/Configurator/Configurator/node_modules as its parent node_modules
245 verbose linkBins react-dnd-html5-backend@2.2.0
246 verbose linkMans react-dnd-html5-backend@2.2.0
247 verbose rebuildBundles react-dnd-html5-backend@2.2.0
248 verbose rebuildBundles [ 'lodash' ]
249 info install react-dnd-html5-backend@2.2.0
250 info postinstall react-dnd-html5-backend@2.2.0
251 verbose rebuild bundle /Users/tberg/Desktop/Configurator/Configurator/node_modules/react-responsive-accordion
252 info build /Users/tberg/Desktop/Configurator/Configurator/node_modules/react-responsive-accordion
253 info preinstall react-responsive-accordion@0.2.0
254 info linkStuff react-responsive-accordion@0.2.0
255 silly linkStuff react-responsive-accordion@0.2.0 has /Users/tberg/Desktop/Configurator/Configurator/node_modules as its parent node_modules
256 verbose linkBins react-responsive-accordion@0.2.0
257 verbose linkMans react-responsive-accordion@0.2.0
258 verbose rebuildBundles react-responsive-accordion@0.2.0
259 info install react-responsive-accordion@0.2.0
260 info postinstall react-responsive-accordion@0.2.0
261 verbose rebuild bundle /Users/tberg/Desktop/Configurator/Configurator/node_modules/react-tabs
262 info build /Users/tberg/Desktop/Configurator/Configurator/node_modules/react-tabs
263 info preinstall react-tabs@0.8.2
264 info linkStuff react-tabs@0.8.2
265 silly linkStuff react-tabs@0.8.2 has /Users/tberg/Desktop/Configurator/Configurator/node_modules as its parent node_modules
266 verbose linkBins react-tabs@0.8.2
267 verbose linkMans react-tabs@0.8.2
268 verbose rebuildBundles react-tabs@0.8.2
269 verbose rebuildBundles [ 'classnames', 'js-stylesheet' ]
270 info install react-tabs@0.8.2
271 info postinstall react-tabs@0.8.2
272 verbose rebuild bundle /Users/tberg/Desktop/Configurator/Configurator/node_modules/react-textbox-editor
273 info build /Users/tberg/Desktop/Configurator/Configurator/node_modules/react-textbox-editor
274 info preinstall react-textbox-editor@1.0.4
275 info linkStuff react-textbox-editor@1.0.4
276 silly linkStuff react-textbox-editor@1.0.4 has /Users/tberg/Desktop/Configurator/Configurator/node_modules as its parent node_modules
277 verbose linkBins react-textbox-editor@1.0.4
278 verbose linkMans react-textbox-editor@1.0.4
279 verbose rebuildBundles react-textbox-editor@1.0.4
280 verbose rebuildBundles [ 'react', 'react-bootstrap' ]
281 info install react-textbox-editor@1.0.4
282 info postinstall react-textbox-editor@1.0.4
283 verbose rebuild bundle /Users/tberg/Desktop/Configurator/Configurator/node_modules/redux-logger
284 info build /Users/tberg/Desktop/Configurator/Configurator/node_modules/redux-logger
285 info preinstall redux-logger@2.8.1
286 info linkStuff redux-logger@2.8.1
287 silly linkStuff redux-logger@2.8.1 has /Users/tberg/Desktop/Configurator/Configurator/node_modules as its parent node_modules
288 verbose linkBins redux-logger@2.8.1
289 verbose linkMans redux-logger@2.8.1
290 verbose rebuildBundles redux-logger@2.8.1
291 verbose rebuildBundles [ 'deep-diff' ]
292 info install redux-logger@2.8.1
293 info postinstall redux-logger@2.8.1
294 verbose rebuild bundle /Users/tberg/Desktop/Configurator/Configurator/node_modules/redux-promise-middleware
295 info build /Users/tberg/Desktop/Configurator/Configurator/node_modules/redux-promise-middleware
296 info preinstall redux-promise-middleware@4.2.0
297 info linkStuff redux-promise-middleware@4.2.0
298 silly linkStuff redux-promise-middleware@4.2.0 has /Users/tberg/Desktop/Configurator/Configurator/node_modules as its parent node_modules
299 verbose linkBins redux-promise-middleware@4.2.0
300 verbose linkMans redux-promise-middleware@4.2.0
301 verbose rebuildBundles redux-promise-middleware@4.2.0
302 info install redux-promise-middleware@4.2.0
303 info postinstall redux-promise-middleware@4.2.0
304 verbose rebuild bundle /Users/tberg/Desktop/Configurator/Configurator/node_modules/redux-thunk
305 info build /Users/tberg/Desktop/Configurator/Configurator/node_modules/redux-thunk
306 info preinstall redux-thunk@2.2.0
307 info linkStuff redux-thunk@2.2.0
308 silly linkStuff redux-thunk@2.2.0 has /Users/tberg/Desktop/Configurator/Configurator/node_modules as its parent node_modules
309 verbose linkBins redux-thunk@2.2.0
310 verbose linkMans redux-thunk@2.2.0
311 verbose rebuildBundles redux-thunk@2.2.0
312 info install redux-thunk@2.2.0
313 info postinstall redux-thunk@2.2.0
314 info install configurator@1.0.0
315 info postinstall configurator@1.0.0
316 info prepublish configurator@1.0.0
317 verbose validateInstall loading /Users/tberg/Desktop/Configurator/Configurator/package.json for validation
318 verbose stack Error: The package react@15.4.2 does not satisfy its siblings' peerDependencies requirements!
318 verbose stack     at /usr/local/lib/node_modules/npm/lib/install.js:125:32
318 verbose stack     at /usr/local/lib/node_modules/npm/lib/install.js:268:7
318 verbose stack     at /usr/local/lib/node_modules/npm/node_modules/read-installed/read-installed.js:142:5
318 verbose stack     at /usr/local/lib/node_modules/npm/node_modules/read-installed/read-installed.js:263:14
318 verbose stack     at cb (/usr/local/lib/node_modules/npm/node_modules/slide/lib/async-map.js:47:24)
318 verbose stack     at /usr/local/lib/node_modules/npm/node_modules/read-installed/read-installed.js:263:14
318 verbose stack     at cb (/usr/local/lib/node_modules/npm/node_modules/slide/lib/async-map.js:47:24)
318 verbose stack     at /usr/local/lib/node_modules/npm/node_modules/read-installed/read-installed.js:263:14
318 verbose stack     at cb (/usr/local/lib/node_modules/npm/node_modules/slide/lib/async-map.js:47:24)
318 verbose stack     at /usr/local/lib/node_modules/npm/node_modules/read-installed/read-installed.js:263:14
319 verbose cwd /Users/tberg/Desktop/Configurator/Configurator
320 error Darwin 16.3.0
321 error argv "/usr/local/bin/node" "/usr/local/bin/npm" "install"
322 error node v4.4.5
323 error npm  v2.15.5
324 error code EPEERINVALID
325 error peerinvalid The package react@15.4.2 does not satisfy its siblings' peerDependencies requirements!
325 error peerinvalid Peer react-addons-css-transition-group@15.4.2 wants react@^15.4.2
325 error peerinvalid Peer react-dom@15.4.2 wants react@^15.4.2
325 error peerinvalid Peer react-redux@4.4.6 wants react@^0.14.0 || ^15.0.0-0 || ^15.4.0-0
325 error peerinvalid Peer react-router@2.8.1 wants react@^0.14.0 || ^15.0.0
325 error peerinvalid Peer redbox-react@1.3.3 wants react@^0.14.0 || ^15.0.0
325 error peerinvalid Peer react-collapsible@0.3.0 wants react@^0.14.7
325 error peerinvalid Peer react-responsive-accordion@0.2.0 wants react@^0.14.7
325 error peerinvalid Peer react-tabs@0.8.2 wants react@^0.14.7 || ^15.0.0
325 error peerinvalid Peer redux-devtools@3.3.2 wants react@^0.14.0 || ^15.0.0
325 error peerinvalid Peer react-addons-shallow-compare@15.4.2 wants react@^15.4.2
325 error peerinvalid Peer react-dnd@2.2.0 wants react@^0.14.0 || ^15.0.0-0
326 verbose exit [ 1, true ]
